<?xml version="1.0" encoding="UTF-8"?>
<!-- Generated by org.testng.reporters.JUnitXMLReporter -->
<testsuite ignored="0" hostname="BINTERNS-QA23L" failures="1" tests="20" name="Test" time="89.343" errors="0" timestamp="2023-05-22T18:13:04 IST">
  <testcase classname="navbar_buttons.Electronics_moduletest" name="logoverify" time="2.467"/>
  <testcase classname="navbar_buttons.Electronics_moduletest" name="sort_item" time="6.819"/>
  <testcase classname="navbar_buttons.Electronics_moduletest" name="add_item1" time="3.882"/>
  <testcase classname="navbar_buttons.Electronics_moduletest" name="add_item2" time="13.385"/>
  <testcase classname="navbar_buttons.Electronics_moduletest" name="add_item3" time="8.558"/>
  <testcase classname="navbar_buttons.Electronics_moduletest" name="gotocart" time="4.045"/>
  <testcase classname="navbar_buttons.Electronics_moduletest" name="print_subtotal" time="2.024"/>
  <testcase classname="navbar_buttons.Electronics_moduletest" name="beauty_module" time="3.955"/>
  <testcase classname="navbar_buttons.Electronics_moduletest" name="gotocart1" time="5.165"/>
  <testcase classname="navbar_buttons.Electronics_moduletest" name="home_improvement" time="5.503"/>
  <testcase classname="navbar_buttons.Electronics_moduletest" name="carfresh_totalitem" time="2.203"/>
  <testcase classname="navbar_buttons.Electronics_moduletest" name="add_carfreshitem" time="3.651"/>
  <testcase classname="navbar_buttons.Electronics_moduletest" name="add_electricalitem" time="7.738"/>
  <testcase classname="navbar_buttons.Electronics_moduletest" name="add_carpentryitem" time="5.098"/>
  <testcase classname="navbar_buttons.Electronics_moduletest" name="sort_carpentryitem" time="2.164"/>
  <testcase classname="navbar_buttons.Electronics_moduletest" name="apply_filter" time="0.16"/>
  <testcase classname="navbar_buttons.Electronics_moduletest" name="slider" time="2.428"/>
  <testcase classname="navbar_buttons.Electronics_moduletest" name="addcarpentry_item" time="2.202"/>
  <testcase classname="navbar_buttons.Electronics_moduletest" name="cart_item" time="3.003"/>
  <testcase classname="navbar_buttons.Electronics_moduletest" name="print_subtotall" time="0.375">
    <failure type="java.lang.AssertionError" message="expected [Brackets Nails - JioMar] but found [Brackets Nails - JioMart]">
      <![CDATA[java.lang.AssertionError: expected [Brackets Nails - JioMar] but found [Brackets Nails - JioMart]
at navbar_buttons.Navbar_actions.print_subtotal1(Navbar_actions.java:211)
at navbar_buttons.Electronics_moduletest.print_subtotall(Electronics_moduletest.java:195)
at java.base/java.util.ArrayList.forEach(ArrayList.java:1511)
... Removed 33 stack frames]]>
    </failure>
  </testcase> <!-- print_subtotall -->
</testsuite> <!-- Test -->
