<?xml version="1.0" encoding="UTF-8"?>
<!-- Generated by org.testng.reporters.JUnitXMLReporter -->
<testsuite ignored="1" hostname="BINTERNS-QA23L" failures="1" tests="1" name="Test1" time="5.39" errors="0" timestamp="2023-05-22T16:19:14 IST">
  <testcase classname="navbar_buttons.Electronics_moduletest" name="logoverify" time="1.327">
    <failure type="java.lang.AssertionError" message="expected [false] but found [true]">
      <![CDATA[java.lang.AssertionError: expected [false] but found [true]
at navbar_buttons.Navbar_actions.logocheck(Navbar_actions.java:22)
at navbar_buttons.Electronics_moduletest.logoverify(Electronics_moduletest.java:44)
at java.base/java.util.ArrayList.forEach(ArrayList.java:1511)
... Removed 33 stack frames]]>
    </failure>
  </testcase> <!-- logoverify -->
  <testcase classname="navbar_buttons.Electronics_moduletest" name="sort_item" time="0.0">
    <ignored/>
  </testcase> <!-- sort_item -->
</testsuite> <!-- Test1 -->
