<?xml version="1.0" encoding="UTF-8"?>
<testng-results ignored="0" total="20" passed="19" failed="1" skipped="0">
  <reporter-output>
  </reporter-output>
  <suite started-at="2023-05-22T18:11:34 IST" name="Suite" finished-at="2023-05-22T18:13:04 IST" duration-ms="89343">
    <groups>
    </groups>
    <test started-at="2023-05-22T18:11:34 IST" name="Test" finished-at="2023-05-22T18:13:04 IST" duration-ms="89343">
      <class name="navbar_buttons.Electronics_moduletest">
        <test-method is-config="true" signature="createTest()[pri:0, instance:navbar_buttons.Electronics_moduletest@59505b48]" started-at="2023-05-22T18:11:34 IST" name="createTest" finished-at="2023-05-22T18:11:34 IST" duration-ms="183" status="PASS">
          <reporter-output>
          </reporter-output>
        </test-method> <!-- createTest -->
        <test-method is-config="true" signature="Basepage()[pri:0, instance:navbar_buttons.Electronics_moduletest@59505b48]" started-at="2023-05-22T18:11:34 IST" name="Basepage" finished-at="2023-05-22T18:11:38 IST" duration-ms="4249" status="PASS">
          <reporter-output>
          </reporter-output>
        </test-method> <!-- Basepage -->
        <test-method signature="logoverify()[pri:1, instance:navbar_buttons.Electronics_moduletest@59505b48]" started-at="2023-05-22T18:11:38 IST" name="logoverify" finished-at="2023-05-22T18:11:41 IST" duration-ms="2467" status="PASS">
          <reporter-output>
          </reporter-output>
        </test-method> <!-- logoverify -->
        <test-method is-config="true" signature="getResult(org.testng.ITestResult)[pri:0, instance:navbar_buttons.Electronics_moduletest@59505b48]" started-at="2023-05-22T18:11:41 IST" name="getResult" finished-at="2023-05-22T18:11:41 IST" duration-ms="1" status="PASS">
          <params>
            <param index="0">
              <value>
                <![CDATA[[TestResult name=logoverify status=SUCCESS method=Electronics_moduletest.logoverify()[pri:1, instance:navbar_buttons.Electronics_moduletest@59505b48] output={null}]]]>
              </value>
            </param>
          </params>
          <reporter-output>
          </reporter-output>
        </test-method> <!-- getResult -->
        <test-method signature="sort_item()[pri:2, instance:navbar_buttons.Electronics_moduletest@59505b48]" started-at="2023-05-22T18:11:41 IST" name="sort_item" finished-at="2023-05-22T18:11:48 IST" duration-ms="6819" status="PASS">
          <reporter-output>
          </reporter-output>
        </test-method> <!-- sort_item -->
        <test-method signature="add_item1()[pri:3, instance:navbar_buttons.Electronics_moduletest@59505b48]" started-at="2023-05-22T18:11:48 IST" name="add_item1" finished-at="2023-05-22T18:11:52 IST" duration-ms="3882" status="PASS">
          <reporter-output>
          </reporter-output>
        </test-method> <!-- add_item1 -->
        <test-method is-config="true" signature="getResult(org.testng.ITestResult)[pri:0, instance:navbar_buttons.Electronics_moduletest@59505b48]" started-at="2023-05-22T18:11:48 IST" name="getResult" finished-at="2023-05-22T18:11:48 IST" duration-ms="0" status="PASS">
          <params>
            <param index="0">
              <value>
                <![CDATA[[TestResult name=sort_item status=SUCCESS method=Electronics_moduletest.sort_item()[pri:2, instance:navbar_buttons.Electronics_moduletest@59505b48] output={null}]]]>
              </value>
            </param>
          </params>
          <reporter-output>
          </reporter-output>
        </test-method> <!-- getResult -->
        <test-method is-config="true" signature="getResult(org.testng.ITestResult)[pri:0, instance:navbar_buttons.Electronics_moduletest@59505b48]" started-at="2023-05-22T18:11:52 IST" name="getResult" finished-at="2023-05-22T18:11:52 IST" duration-ms="0" status="PASS">
          <params>
            <param index="0">
              <value>
                <![CDATA[[TestResult name=add_item1 status=SUCCESS method=Electronics_moduletest.add_item1()[pri:3, instance:navbar_buttons.Electronics_moduletest@59505b48] output={null}]]]>
              </value>
            </param>
          </params>
          <reporter-output>
          </reporter-output>
        </test-method> <!-- getResult -->
        <test-method signature="add_item2()[pri:4, instance:navbar_buttons.Electronics_moduletest@59505b48]" started-at="2023-05-22T18:11:52 IST" name="add_item2" finished-at="2023-05-22T18:12:05 IST" duration-ms="13385" status="PASS">
          <reporter-output>
          </reporter-output>
        </test-method> <!-- add_item2 -->
        <test-method is-config="true" signature="getResult(org.testng.ITestResult)[pri:0, instance:navbar_buttons.Electronics_moduletest@59505b48]" started-at="2023-05-22T18:12:05 IST" name="getResult" finished-at="2023-05-22T18:12:05 IST" duration-ms="1" status="PASS">
          <params>
            <param index="0">
              <value>
                <![CDATA[[TestResult name=add_item2 status=SUCCESS method=Electronics_moduletest.add_item2()[pri:4, instance:navbar_buttons.Electronics_moduletest@59505b48] output={null}]]]>
              </value>
            </param>
          </params>
          <reporter-output>
          </reporter-output>
        </test-method> <!-- getResult -->
        <test-method signature="add_item3()[pri:5, instance:navbar_buttons.Electronics_moduletest@59505b48]" started-at="2023-05-22T18:12:05 IST" name="add_item3" finished-at="2023-05-22T18:12:14 IST" duration-ms="8558" status="PASS">
          <reporter-output>
          </reporter-output>
        </test-method> <!-- add_item3 -->
        <test-method signature="gotocart()[pri:6, instance:navbar_buttons.Electronics_moduletest@59505b48]" started-at="2023-05-22T18:12:14 IST" name="gotocart" finished-at="2023-05-22T18:12:18 IST" duration-ms="4045" status="PASS">
          <reporter-output>
          </reporter-output>
        </test-method> <!-- gotocart -->
        <test-method is-config="true" signature="getResult(org.testng.ITestResult)[pri:0, instance:navbar_buttons.Electronics_moduletest@59505b48]" started-at="2023-05-22T18:12:14 IST" name="getResult" finished-at="2023-05-22T18:12:14 IST" duration-ms="0" status="PASS">
          <params>
            <param index="0">
              <value>
                <![CDATA[[TestResult name=add_item3 status=SUCCESS method=Electronics_moduletest.add_item3()[pri:5, instance:navbar_buttons.Electronics_moduletest@59505b48] output={null}]]]>
              </value>
            </param>
          </params>
          <reporter-output>
          </reporter-output>
        </test-method> <!-- getResult -->
        <test-method is-config="true" signature="getResult(org.testng.ITestResult)[pri:0, instance:navbar_buttons.Electronics_moduletest@59505b48]" started-at="2023-05-22T18:12:18 IST" name="getResult" finished-at="2023-05-22T18:12:18 IST" duration-ms="0" status="PASS">
          <params>
            <param index="0">
              <value>
                <![CDATA[[TestResult name=gotocart status=SUCCESS method=Electronics_moduletest.gotocart()[pri:6, instance:navbar_buttons.Electronics_moduletest@59505b48] output={null}]]]>
              </value>
            </param>
          </params>
          <reporter-output>
          </reporter-output>
        </test-method> <!-- getResult -->
        <test-method signature="print_subtotal()[pri:7, instance:navbar_buttons.Electronics_moduletest@59505b48]" started-at="2023-05-22T18:12:18 IST" name="print_subtotal" finished-at="2023-05-22T18:12:20 IST" duration-ms="2024" status="PASS">
          <reporter-output>
          </reporter-output>
        </test-method> <!-- print_subtotal -->
        <test-method is-config="true" signature="getResult(org.testng.ITestResult)[pri:0, instance:navbar_buttons.Electronics_moduletest@59505b48]" started-at="2023-05-22T18:12:20 IST" name="getResult" finished-at="2023-05-22T18:12:20 IST" duration-ms="1" status="PASS">
          <params>
            <param index="0">
              <value>
                <![CDATA[[TestResult name=print_subtotal status=SUCCESS method=Electronics_moduletest.print_subtotal()[pri:7, instance:navbar_buttons.Electronics_moduletest@59505b48] output={null}]]]>
              </value>
            </param>
          </params>
          <reporter-output>
          </reporter-output>
        </test-method> <!-- getResult -->
        <test-method signature="beauty_module()[pri:8, instance:navbar_buttons.Electronics_moduletest@59505b48]" started-at="2023-05-22T18:12:20 IST" name="beauty_module" finished-at="2023-05-22T18:12:24 IST" duration-ms="3955" status="PASS">
          <reporter-output>
          </reporter-output>
        </test-method> <!-- beauty_module -->
        <test-method is-config="true" signature="getResult(org.testng.ITestResult)[pri:0, instance:navbar_buttons.Electronics_moduletest@59505b48]" started-at="2023-05-22T18:12:24 IST" name="getResult" finished-at="2023-05-22T18:12:24 IST" duration-ms="1" status="PASS">
          <params>
            <param index="0">
              <value>
                <![CDATA[[TestResult name=beauty_module status=SUCCESS method=Electronics_moduletest.beauty_module()[pri:8, instance:navbar_buttons.Electronics_moduletest@59505b48] output={null}]]]>
              </value>
            </param>
          </params>
          <reporter-output>
          </reporter-output>
        </test-method> <!-- getResult -->
        <test-method signature="gotocart1()[pri:9, instance:navbar_buttons.Electronics_moduletest@59505b48]" started-at="2023-05-22T18:12:24 IST" name="gotocart1" finished-at="2023-05-22T18:12:29 IST" duration-ms="5165" status="PASS">
          <reporter-output>
          </reporter-output>
        </test-method> <!-- gotocart1 -->
        <test-method is-config="true" signature="getResult(org.testng.ITestResult)[pri:0, instance:navbar_buttons.Electronics_moduletest@59505b48]" started-at="2023-05-22T18:12:29 IST" name="getResult" finished-at="2023-05-22T18:12:29 IST" duration-ms="0" status="PASS">
          <params>
            <param index="0">
              <value>
                <![CDATA[[TestResult name=gotocart1 status=SUCCESS method=Electronics_moduletest.gotocart1()[pri:9, instance:navbar_buttons.Electronics_moduletest@59505b48] output={null}]]]>
              </value>
            </param>
          </params>
          <reporter-output>
          </reporter-output>
        </test-method> <!-- getResult -->
        <test-method signature="home_improvement()[pri:10, instance:navbar_buttons.Electronics_moduletest@59505b48]" started-at="2023-05-22T18:12:29 IST" name="home_improvement" finished-at="2023-05-22T18:12:34 IST" duration-ms="5503" status="PASS">
          <reporter-output>
          </reporter-output>
        </test-method> <!-- home_improvement -->
        <test-method is-config="true" signature="getResult(org.testng.ITestResult)[pri:0, instance:navbar_buttons.Electronics_moduletest@59505b48]" started-at="2023-05-22T18:12:34 IST" name="getResult" finished-at="2023-05-22T18:12:34 IST" duration-ms="0" status="PASS">
          <params>
            <param index="0">
              <value>
                <![CDATA[[TestResult name=home_improvement status=SUCCESS method=Electronics_moduletest.home_improvement()[pri:10, instance:navbar_buttons.Electronics_moduletest@59505b48] output={null}]]]>
              </value>
            </param>
          </params>
          <reporter-output>
          </reporter-output>
        </test-method> <!-- getResult -->
        <test-method signature="carfresh_totalitem()[pri:11, instance:navbar_buttons.Electronics_moduletest@59505b48]" started-at="2023-05-22T18:12:34 IST" name="carfresh_totalitem" finished-at="2023-05-22T18:12:36 IST" duration-ms="2203" status="PASS">
          <reporter-output>
          </reporter-output>
        </test-method> <!-- carfresh_totalitem -->
        <test-method is-config="true" signature="getResult(org.testng.ITestResult)[pri:0, instance:navbar_buttons.Electronics_moduletest@59505b48]" started-at="2023-05-22T18:12:36 IST" name="getResult" finished-at="2023-05-22T18:12:36 IST" duration-ms="1" status="PASS">
          <params>
            <param index="0">
              <value>
                <![CDATA[[TestResult name=carfresh_totalitem status=SUCCESS method=Electronics_moduletest.carfresh_totalitem()[pri:11, instance:navbar_buttons.Electronics_moduletest@59505b48] output={null}]]]>
              </value>
            </param>
          </params>
          <reporter-output>
          </reporter-output>
        </test-method> <!-- getResult -->
        <test-method signature="add_carfreshitem()[pri:12, instance:navbar_buttons.Electronics_moduletest@59505b48]" started-at="2023-05-22T18:12:36 IST" name="add_carfreshitem" finished-at="2023-05-22T18:12:40 IST" duration-ms="3651" status="PASS">
          <reporter-output>
          </reporter-output>
        </test-method> <!-- add_carfreshitem -->
        <test-method is-config="true" signature="getResult(org.testng.ITestResult)[pri:0, instance:navbar_buttons.Electronics_moduletest@59505b48]" started-at="2023-05-22T18:12:40 IST" name="getResult" finished-at="2023-05-22T18:12:40 IST" duration-ms="0" status="PASS">
          <params>
            <param index="0">
              <value>
                <![CDATA[[TestResult name=add_carfreshitem status=SUCCESS method=Electronics_moduletest.add_carfreshitem()[pri:12, instance:navbar_buttons.Electronics_moduletest@59505b48] output={null}]]]>
              </value>
            </param>
          </params>
          <reporter-output>
          </reporter-output>
        </test-method> <!-- getResult -->
        <test-method signature="add_electricalitem()[pri:13, instance:navbar_buttons.Electronics_moduletest@59505b48]" started-at="2023-05-22T18:12:40 IST" name="add_electricalitem" finished-at="2023-05-22T18:12:48 IST" duration-ms="7738" status="PASS">
          <reporter-output>
          </reporter-output>
        </test-method> <!-- add_electricalitem -->
        <test-method signature="add_carpentryitem()[pri:14, instance:navbar_buttons.Electronics_moduletest@59505b48]" started-at="2023-05-22T18:12:48 IST" name="add_carpentryitem" finished-at="2023-05-22T18:12:53 IST" duration-ms="5098" status="PASS">
          <reporter-output>
          </reporter-output>
        </test-method> <!-- add_carpentryitem -->
        <test-method is-config="true" signature="getResult(org.testng.ITestResult)[pri:0, instance:navbar_buttons.Electronics_moduletest@59505b48]" started-at="2023-05-22T18:12:48 IST" name="getResult" finished-at="2023-05-22T18:12:48 IST" duration-ms="0" status="PASS">
          <params>
            <param index="0">
              <value>
                <![CDATA[[TestResult name=add_electricalitem status=SUCCESS method=Electronics_moduletest.add_electricalitem()[pri:13, instance:navbar_buttons.Electronics_moduletest@59505b48] output={null}]]]>
              </value>
            </param>
          </params>
          <reporter-output>
          </reporter-output>
        </test-method> <!-- getResult -->
        <test-method is-config="true" signature="getResult(org.testng.ITestResult)[pri:0, instance:navbar_buttons.Electronics_moduletest@59505b48]" started-at="2023-05-22T18:12:53 IST" name="getResult" finished-at="2023-05-22T18:12:53 IST" duration-ms="1" status="PASS">
          <params>
            <param index="0">
              <value>
                <![CDATA[[TestResult name=add_carpentryitem status=SUCCESS method=Electronics_moduletest.add_carpentryitem()[pri:14, instance:navbar_buttons.Electronics_moduletest@59505b48] output={null}]]]>
              </value>
            </param>
          </params>
          <reporter-output>
          </reporter-output>
        </test-method> <!-- getResult -->
        <test-method signature="sort_carpentryitem()[pri:15, instance:navbar_buttons.Electronics_moduletest@59505b48]" started-at="2023-05-22T18:12:53 IST" name="sort_carpentryitem" finished-at="2023-05-22T18:12:55 IST" duration-ms="2164" status="PASS">
          <reporter-output>
          </reporter-output>
        </test-method> <!-- sort_carpentryitem -->
        <test-method signature="apply_filter()[pri:16, instance:navbar_buttons.Electronics_moduletest@59505b48]" started-at="2023-05-22T18:12:55 IST" name="apply_filter" finished-at="2023-05-22T18:12:55 IST" duration-ms="160" status="PASS">
          <reporter-output>
          </reporter-output>
        </test-method> <!-- apply_filter -->
        <test-method is-config="true" signature="getResult(org.testng.ITestResult)[pri:0, instance:navbar_buttons.Electronics_moduletest@59505b48]" started-at="2023-05-22T18:12:55 IST" name="getResult" finished-at="2023-05-22T18:12:55 IST" duration-ms="0" status="PASS">
          <params>
            <param index="0">
              <value>
                <![CDATA[[TestResult name=sort_carpentryitem status=SUCCESS method=Electronics_moduletest.sort_carpentryitem()[pri:15, instance:navbar_buttons.Electronics_moduletest@59505b48] output={null}]]]>
              </value>
            </param>
          </params>
          <reporter-output>
          </reporter-output>
        </test-method> <!-- getResult -->
        <test-method is-config="true" signature="getResult(org.testng.ITestResult)[pri:0, instance:navbar_buttons.Electronics_moduletest@59505b48]" started-at="2023-05-22T18:12:55 IST" name="getResult" finished-at="2023-05-22T18:12:55 IST" duration-ms="0" status="PASS">
          <params>
            <param index="0">
              <value>
                <![CDATA[[TestResult name=apply_filter status=SUCCESS method=Electronics_moduletest.apply_filter()[pri:16, instance:navbar_buttons.Electronics_moduletest@59505b48] output={null}]]]>
              </value>
            </param>
          </params>
          <reporter-output>
          </reporter-output>
        </test-method> <!-- getResult -->
        <test-method signature="slider()[pri:17, instance:navbar_buttons.Electronics_moduletest@59505b48]" started-at="2023-05-22T18:12:55 IST" name="slider" finished-at="2023-05-22T18:12:58 IST" duration-ms="2428" status="PASS">
          <reporter-output>
          </reporter-output>
        </test-method> <!-- slider -->
        <test-method signature="addcarpentry_item()[pri:18, instance:navbar_buttons.Electronics_moduletest@59505b48]" started-at="2023-05-22T18:12:58 IST" name="addcarpentry_item" finished-at="2023-05-22T18:13:00 IST" duration-ms="2202" status="PASS">
          <reporter-output>
          </reporter-output>
        </test-method> <!-- addcarpentry_item -->
        <test-method is-config="true" signature="getResult(org.testng.ITestResult)[pri:0, instance:navbar_buttons.Electronics_moduletest@59505b48]" started-at="2023-05-22T18:12:58 IST" name="getResult" finished-at="2023-05-22T18:12:58 IST" duration-ms="0" status="PASS">
          <params>
            <param index="0">
              <value>
                <![CDATA[[TestResult name=slider status=SUCCESS method=Electronics_moduletest.slider()[pri:17, instance:navbar_buttons.Electronics_moduletest@59505b48] output={null}]]]>
              </value>
            </param>
          </params>
          <reporter-output>
          </reporter-output>
        </test-method> <!-- getResult -->
        <test-method is-config="true" signature="getResult(org.testng.ITestResult)[pri:0, instance:navbar_buttons.Electronics_moduletest@59505b48]" started-at="2023-05-22T18:13:00 IST" name="getResult" finished-at="2023-05-22T18:13:00 IST" duration-ms="0" status="PASS">
          <params>
            <param index="0">
              <value>
                <![CDATA[[TestResult name=addcarpentry_item status=SUCCESS method=Electronics_moduletest.addcarpentry_item()[pri:18, instance:navbar_buttons.Electronics_moduletest@59505b48] output={null}]]]>
              </value>
            </param>
          </params>
          <reporter-output>
          </reporter-output>
        </test-method> <!-- getResult -->
        <test-method signature="cart_item()[pri:19, instance:navbar_buttons.Electronics_moduletest@59505b48]" started-at="2023-05-22T18:13:00 IST" name="cart_item" finished-at="2023-05-22T18:13:03 IST" duration-ms="3003" status="PASS">
          <reporter-output>
          </reporter-output>
        </test-method> <!-- cart_item -->
        <test-method is-config="true" signature="getResult(org.testng.ITestResult)[pri:0, instance:navbar_buttons.Electronics_moduletest@59505b48]" started-at="2023-05-22T18:13:03 IST" name="getResult" finished-at="2023-05-22T18:13:03 IST" duration-ms="0" status="PASS">
          <params>
            <param index="0">
              <value>
                <![CDATA[[TestResult name=cart_item status=SUCCESS method=Electronics_moduletest.cart_item()[pri:19, instance:navbar_buttons.Electronics_moduletest@59505b48] output={null}]]]>
              </value>
            </param>
          </params>
          <reporter-output>
          </reporter-output>
        </test-method> <!-- getResult -->
        <test-method signature="print_subtotall()[pri:20, instance:navbar_buttons.Electronics_moduletest@59505b48]" started-at="2023-05-22T18:13:03 IST" name="print_subtotall" finished-at="2023-05-22T18:13:03 IST" duration-ms="375" status="FAIL">
          <exception class="java.lang.AssertionError">
            <message>
              <![CDATA[expected [Brackets Nails - JioMar] but found [Brackets Nails - JioMart]]]>
            </message>
            <full-stacktrace>
              <![CDATA[java.lang.AssertionError: expected [Brackets Nails - JioMar] but found [Brackets Nails - JioMart]
at org.testng.Assert.fail(Assert.java:99)
at org.testng.Assert.failNotEquals(Assert.java:1037)
at org.testng.Assert.assertEqualsImpl(Assert.java:140)
at org.testng.Assert.assertEquals(Assert.java:122)
at org.testng.Assert.assertEquals(Assert.java:629)
at org.testng.Assert.assertEquals(Assert.java:639)
at navbar_buttons.Navbar_actions.print_subtotal1(Navbar_actions.java:211)
at navbar_buttons.Electronics_moduletest.print_subtotall(Electronics_moduletest.java:195)
at java.base/jdk.internal.reflect.NativeMethodAccessorImpl.invoke0(Native Method)
at java.base/jdk.internal.reflect.NativeMethodAccessorImpl.invoke(NativeMethodAccessorImpl.java:77)
at java.base/jdk.internal.reflect.DelegatingMethodAccessorImpl.invoke(DelegatingMethodAccessorImpl.java:43)
at java.base/java.lang.reflect.Method.invoke(Method.java:568)
at org.testng.internal.MethodInvocationHelper.invokeMethod(MethodInvocationHelper.java:133)
at org.testng.internal.TestInvoker.invokeMethod(TestInvoker.java:598)
at org.testng.internal.TestInvoker.invokeTestMethod(TestInvoker.java:173)
at org.testng.internal.MethodRunner.runInSequence(MethodRunner.java:46)
at org.testng.internal.TestInvoker$MethodInvocationAgent.invoke(TestInvoker.java:824)
at org.testng.internal.TestInvoker.invokeTestMethods(TestInvoker.java:146)
at org.testng.internal.TestMethodWorker.invokeTestMethods(TestMethodWorker.java:146)
at org.testng.internal.TestMethodWorker.run(TestMethodWorker.java:128)
at java.base/java.util.ArrayList.forEach(ArrayList.java:1511)
at org.testng.TestRunner.privateRun(TestRunner.java:794)
at org.testng.TestRunner.run(TestRunner.java:596)
at org.testng.SuiteRunner.runTest(SuiteRunner.java:377)
at org.testng.SuiteRunner.runSequentially(SuiteRunner.java:371)
at org.testng.SuiteRunner.privateRun(SuiteRunner.java:332)
at org.testng.SuiteRunner.run(SuiteRunner.java:276)
at org.testng.SuiteRunnerWorker.runSuite(SuiteRunnerWorker.java:53)
at org.testng.SuiteRunnerWorker.run(SuiteRunnerWorker.java:96)
at org.testng.TestNG.runSuitesSequentially(TestNG.java:1212)
at org.testng.TestNG.runSuitesLocally(TestNG.java:1134)
at org.testng.TestNG.runSuites(TestNG.java:1063)
at org.testng.TestNG.run(TestNG.java:1031)
at org.testng.remote.AbstractRemoteTestNG.run(AbstractRemoteTestNG.java:115)
at org.testng.remote.RemoteTestNG.initAndRun(RemoteTestNG.java:251)
at org.testng.remote.RemoteTestNG.main(RemoteTestNG.java:77)
]]>
            </full-stacktrace>
          </exception> <!-- java.lang.AssertionError -->
          <reporter-output>
          </reporter-output>
        </test-method> <!-- print_subtotall -->
        <test-method is-config="true" signature="getResult(org.testng.ITestResult)[pri:0, instance:navbar_buttons.Electronics_moduletest@59505b48]" started-at="2023-05-22T18:13:03 IST" name="getResult" finished-at="2023-05-22T18:13:04 IST" duration-ms="222" status="PASS">
          <params>
            <param index="0">
              <value>
                <![CDATA[[TestResult name=print_subtotall status=FAILURE method=Electronics_moduletest.print_subtotall()[pri:20, instance:navbar_buttons.Electronics_moduletest@59505b48] output={null}]]]>
              </value>
            </param>
          </params>
          <reporter-output>
          </reporter-output>
        </test-method> <!-- getResult -->
        <test-method is-config="true" signature="EndTest()[pri:0, instance:navbar_buttons.Electronics_moduletest@59505b48]" started-at="2023-05-22T18:13:04 IST" name="EndTest" finished-at="2023-05-22T18:13:04 IST" duration-ms="581" status="PASS">
          <reporter-output>
          </reporter-output>
        </test-method> <!-- EndTest -->
      </class> <!-- navbar_buttons.Electronics_moduletest -->
    </test> <!-- Test -->
  </suite> <!-- Suite -->
</testng-results>
