<?xml version="1.0" encoding="UTF-8"?>
<!-- Generated by org.testng.reporters.JUnitReportReporter -->
<testsuite hostname="BINTERNS-QA23L" failures="1" tests="20" name="navbar_buttons.Electronics_moduletest" time="85.053" errors="0" timestamp="2023-05-22T18:13:04 IST" skipped="0">
  <testcase classname="navbar_buttons.Electronics_moduletest" name="logoverify" time="2.467"/>
  <system-out/>
  <testcase classname="navbar_buttons.Electronics_moduletest" name="sort_item" time="6.819"/>
  <system-out/>
  <testcase classname="navbar_buttons.Electronics_moduletest" name="add_item1" time="3.882"/>
  <system-out/>
  <testcase classname="navbar_buttons.Electronics_moduletest" name="add_item2" time="13.386"/>
  <system-out/>
  <testcase classname="navbar_buttons.Electronics_moduletest" name="add_item3" time="8.558"/>
  <system-out/>
  <testcase classname="navbar_buttons.Electronics_moduletest" name="gotocart" time="4.045"/>
  <system-out/>
  <testcase classname="navbar_buttons.Electronics_moduletest" name="print_subtotal" time="2.025"/>
  <system-out/>
  <testcase classname="navbar_buttons.Electronics_moduletest" name="beauty_module" time="3.956"/>
  <system-out/>
  <testcase classname="navbar_buttons.Electronics_moduletest" name="gotocart1" time="5.165"/>
  <system-out/>
  <testcase classname="navbar_buttons.Electronics_moduletest" name="home_improvement" time="5.503"/>
  <system-out/>
  <testcase classname="navbar_buttons.Electronics_moduletest" name="carfresh_totalitem" time="2.203"/>
  <system-out/>
  <testcase classname="navbar_buttons.Electronics_moduletest" name="add_carfreshitem" time="3.651"/>
  <system-out/>
  <testcase classname="navbar_buttons.Electronics_moduletest" name="add_electricalitem" time="7.739"/>
  <system-out/>
  <testcase classname="navbar_buttons.Electronics_moduletest" name="add_carpentryitem" time="5.099"/>
  <system-out/>
  <testcase classname="navbar_buttons.Electronics_moduletest" name="sort_carpentryitem" time="2.165"/>
  <system-out/>
  <testcase classname="navbar_buttons.Electronics_moduletest" name="apply_filter" time="0.160"/>
  <system-out/>
  <testcase classname="navbar_buttons.Electronics_moduletest" name="slider" time="2.428"/>
  <system-out/>
  <testcase classname="navbar_buttons.Electronics_moduletest" name="addcarpentry_item" time="2.202"/>
  <system-out/>
  <testcase classname="navbar_buttons.Electronics_moduletest" name="cart_item" time="3.225"/>
  <system-out/>
  <testcase classname="navbar_buttons.Electronics_moduletest" name="print_subtotall" time="0.375">
    <failure message="expected [Brackets Nails - JioMar] but found [Brackets Nails - JioMart]" type="java.lang.AssertionError">
      <![CDATA[java.lang.AssertionError: expected [Brackets Nails - JioMar] but found [Brackets Nails - JioMart]
at org.testng.Assert.fail(Assert.java:99)
at org.testng.Assert.failNotEquals(Assert.java:1037)
at org.testng.Assert.assertEqualsImpl(Assert.java:140)
at org.testng.Assert.assertEquals(Assert.java:122)
at org.testng.Assert.assertEquals(Assert.java:629)
at org.testng.Assert.assertEquals(Assert.java:639)
at navbar_buttons.Navbar_actions.print_subtotal1(Navbar_actions.java:211)
at navbar_buttons.Electronics_moduletest.print_subtotall(Electronics_moduletest.java:195)
at java.base/jdk.internal.reflect.NativeMethodAccessorImpl.invoke0(Native Method)
at java.base/jdk.internal.reflect.NativeMethodAccessorImpl.invoke(NativeMethodAccessorImpl.java:77)
at java.base/jdk.internal.reflect.DelegatingMethodAccessorImpl.invoke(DelegatingMethodAccessorImpl.java:43)
at java.base/java.lang.reflect.Method.invoke(Method.java:568)
at org.testng.internal.MethodInvocationHelper.invokeMethod(MethodInvocationHelper.java:133)
at org.testng.internal.TestInvoker.invokeMethod(TestInvoker.java:598)
at org.testng.internal.TestInvoker.invokeTestMethod(TestInvoker.java:173)
at org.testng.internal.MethodRunner.runInSequence(MethodRunner.java:46)
at org.testng.internal.TestInvoker$MethodInvocationAgent.invoke(TestInvoker.java:824)
at org.testng.internal.TestInvoker.invokeTestMethods(TestInvoker.java:146)
at org.testng.internal.TestMethodWorker.invokeTestMethods(TestMethodWorker.java:146)
at org.testng.internal.TestMethodWorker.run(TestMethodWorker.java:128)
at java.base/java.util.ArrayList.forEach(ArrayList.java:1511)
at org.testng.TestRunner.privateRun(TestRunner.java:794)
at org.testng.TestRunner.run(TestRunner.java:596)
at org.testng.SuiteRunner.runTest(SuiteRunner.java:377)
at org.testng.SuiteRunner.runSequentially(SuiteRunner.java:371)
at org.testng.SuiteRunner.privateRun(SuiteRunner.java:332)
at org.testng.SuiteRunner.run(SuiteRunner.java:276)
at org.testng.SuiteRunnerWorker.runSuite(SuiteRunnerWorker.java:53)
at org.testng.SuiteRunnerWorker.run(SuiteRunnerWorker.java:96)
at org.testng.TestNG.runSuitesSequentially(TestNG.java:1212)
at org.testng.TestNG.runSuitesLocally(TestNG.java:1134)
at org.testng.TestNG.runSuites(TestNG.java:1063)
at org.testng.TestNG.run(TestNG.java:1031)
at org.testng.remote.AbstractRemoteTestNG.run(AbstractRemoteTestNG.java:115)
at org.testng.remote.RemoteTestNG.initAndRun(RemoteTestNG.java:251)
at org.testng.remote.RemoteTestNG.main(RemoteTestNG.java:77)
]]>
    </failure>
  </testcase> <!-- print_subtotall -->
  <system-out/>
</testsuite> <!-- navbar_buttons.Electronics_moduletest -->
